<?xml version="1.0" encoding="UTF-8"?>
<!-- Generated by org.testng.reporters.JUnitReportReporter -->
<testsuite hostname="LAPTOP-SPUR026" failures="0" tests="2" name="Runner.TestRunner" time="39.600" errors="0" timestamp="2022-03-22T17:40:25 IST" skipped="0">
  <testcase classname="Runner.TestRunner" name="runScenario" time="20.697"/>
  <system-out/>
  <testcase classname="Runner.TestRunner" name="runScenario" time="18.903"/>
  <system-out/>
</testsuite> <!-- Runner.TestRunner -->
